<?xml version="1.0" encoding="UTF-8"?>
<!-- Generated by org.testng.reporters.JUnitXMLReporter -->
<testsuite ignored="2" hostname="DESKTOP-FUGQNF4" failures="0" tests="2" name="Test" time="0.079" errors="0" timestamp="2023-01-12T13:09:57 IST">
  <testcase classname="com.LifeInsurance.GenericUtilities.BaseClass" name="@BeforeClass configBc" time="-1.673509197644E9">
    <failure type="org.testng.TestNGException" message="
Parameter &amp;apos;Browser&amp;apos; is required by BeforeClass on method configBc but has not been marked @Optional or defined
in C:\Users\Administrator\eclipse-workspace\com.LifeInsuranceManagement\BatchLifeInsutestng.xml">
      <![CDATA[org.testng.TestNGException: 
Parameter 'Browser' is required by BeforeClass on method configBc but has not been marked @Optional or defined
in C:\Users\Administrator\eclipse-workspace\com.LifeInsuranceManagement\BatchLifeInsutestng.xml
at java.base/java.util.ArrayList.forEach(ArrayList.java:1511)
at java.base/java.util.concurrent.FutureTask.run(FutureTask.java:264)
at java.base/java.util.concurrent.ThreadPoolExecutor.runWorker(ThreadPoolExecutor.java:1130)
at java.base/java.util.concurrent.ThreadPoolExecutor$Worker.run(ThreadPoolExecutor.java:630)
at java.base/java.lang.Thread.run(Thread.java:831)
... Removed 13 stack frames]]>
    </failure>
  </testcase> <!-- @BeforeClass configBc -->
  <testcase classname="com.LifeInsurance.GenericUtilities.BaseClass" name="@BeforeMethod configBM" time="-1.673509197669E9">
    <skipped/>
  </testcase> <!-- @BeforeMethod configBM -->
  <testcase classname="com.LifeInsurance.GenericUtilities.BaseClass" name="@AfterMethod configAM" time="-1.673509197679E9">
    <skipped/>
  </testcase> <!-- @AfterMethod configAM -->
  <testcase classname="com.LifeInsurance.GenericUtilities.BaseClass" name="@AfterClass configAC" time="-1.673509197683E9">
    <skipped/>
  </testcase> <!-- @AfterClass configAC -->
  <testcase classname="com.LifeInsurance.GenericUtilities.BaseClass" name="@BeforeClass configBc" time="-1.673509197684E9">
    <failure type="org.testng.TestNGException" message="
Parameter &amp;apos;Browser&amp;apos; is required by BeforeClass on method configBc but has not been marked @Optional or defined
in C:\Users\Administrator\eclipse-workspace\com.LifeInsuranceManagement\BatchLifeInsutestng.xml">
      <![CDATA[org.testng.TestNGException: 
Parameter 'Browser' is required by BeforeClass on method configBc but has not been marked @Optional or defined
in C:\Users\Administrator\eclipse-workspace\com.LifeInsuranceManagement\BatchLifeInsutestng.xml
at java.base/java.util.ArrayList.forEach(ArrayList.java:1511)
at java.base/java.util.concurrent.FutureTask.run(FutureTask.java:264)
at java.base/java.util.concurrent.ThreadPoolExecutor.runWorker(ThreadPoolExecutor.java:1130)
at java.base/java.util.concurrent.ThreadPoolExecutor$Worker.run(ThreadPoolExecutor.java:630)
at java.base/java.lang.Thread.run(Thread.java:831)
... Removed 13 stack frames]]>
    </failure>
  </testcase> <!-- @BeforeClass configBc -->
  <testcase classname="com.LifeInsurance.GenericUtilities.BaseClass" name="@BeforeMethod configBM" time="-1.673509197688E9">
    <skipped/>
  </testcase> <!-- @BeforeMethod configBM -->
  <testcase classname="com.LifeInsurance.GenericUtilities.BaseClass" name="@AfterMethod configAM" time="-1.673509197696E9">
    <skipped/>
  </testcase> <!-- @AfterMethod configAM -->
  <testcase classname="com.LifeInsurance.GenericUtilities.BaseClass" name="@AfterClass configAC" time="-1.673509197698E9">
    <skipped/>
  </testcase> <!-- @AfterClass configAC -->
  <testcase classname="com.insurance.lifeInsurance.testscript.Client_AddClient_Annotation_Test" name="addClient" time="0.0">
    <skipped/>
  </testcase> <!-- addClient -->
  <testcase classname="com.insurance.lifeInsurance.testscript.Nominee_EditNominee_Annotation_Test" name="editNominee" time="0.0">
    <skipped/>
  </testcase> <!-- editNominee -->
  <testcase classname="com.LifeInsurance.GenericUtilities.BaseClass" name="@BeforeSuite configDB" time="0.0">
    <ignored/>
  </testcase> <!-- @BeforeSuite configDB -->
  <testcase classname="com.LifeInsurance.GenericUtilities.BaseClass" name="@AfterSuite disconnectDB" time="0.0">
    <ignored/>
  </testcase> <!-- @AfterSuite disconnectDB -->
</testsuite> <!-- Test -->
