<?xml version="1.0" encoding="UTF-8"?>
<testng-results ignored="0" total="1" passed="0" failed="1" skipped="0">
  <reporter-output>
    <line>
      <![CDATA[addClient-----> Testscript execution started]]>
    </line>
    <line>
      <![CDATA[--TestScript Execution failed--]]>
    </line>
  </reporter-output>
  <suite started-at="2023-01-12T17:18:14 IST" name="Default suite" finished-at="2023-01-12T17:18:36 IST" duration-ms="21967">
    <groups>
    </groups>
    <test started-at="2023-01-12T17:18:14 IST" name="Default test" finished-at="2023-01-12T17:18:36 IST" duration-ms="21967">
      <class name="com.insurance.lifeInsurance.testscript.Client_AddClient_Annotation_Test">
        <test-method is-config="true" signature="configDB()[pri:0, instance:com.insurance.lifeInsurance.testscript.Client_AddClient_Annotation_Test@1a6d8329]" started-at="2023-01-12T17:18:14 IST" name="configDB" finished-at="2023-01-12T17:18:14 IST" duration-ms="10" status="PASS">
          <reporter-output>
          </reporter-output>
        </test-method> <!-- configDB -->
        <test-method is-config="true" signature="configBc()[pri:0, instance:com.insurance.lifeInsurance.testscript.Client_AddClient_Annotation_Test@1a6d8329]" started-at="2023-01-12T17:18:14 IST" name="configBc" finished-at="2023-01-12T17:18:21 IST" duration-ms="6769" status="PASS">
          <reporter-output>
          </reporter-output>
        </test-method> <!-- configBc -->
        <test-method is-config="true" signature="configBM()[pri:0, instance:com.insurance.lifeInsurance.testscript.Client_AddClient_Annotation_Test@1a6d8329]" started-at="2023-01-12T17:18:21 IST" name="configBM" finished-at="2023-01-12T17:18:23 IST" duration-ms="1711" status="PASS">
          <reporter-output>
          </reporter-output>
        </test-method> <!-- configBM -->
        <test-method signature="addClient()[pri:0, instance:com.insurance.lifeInsurance.testscript.Client_AddClient_Annotation_Test@1a6d8329]" started-at="2023-01-12T17:18:23 IST" name="addClient" finished-at="2023-01-12T17:18:35 IST" duration-ms="11677" status="FAIL">
          <exception class="java.lang.AssertionError">
            <message>
              <![CDATA[null]]>
            </message>
            <full-stacktrace>
              <![CDATA[java.lang.AssertionError: null
at org.testng.Assert.fail(Assert.java:99)
at org.testng.Assert.fail(Assert.java:106)
at com.insurance.lifeInsurance.testscript.Client_AddClient_Annotation_Test.addClient(Client_AddClient_Annotation_Test.java:55)
at java.base/jdk.internal.reflect.NativeMethodAccessorImpl.invoke0(Native Method)
at java.base/jdk.internal.reflect.NativeMethodAccessorImpl.invoke(NativeMethodAccessorImpl.java:78)
at java.base/jdk.internal.reflect.DelegatingMethodAccessorImpl.invoke(DelegatingMethodAccessorImpl.java:43)
at java.base/java.lang.reflect.Method.invoke(Method.java:567)
at org.testng.internal.MethodInvocationHelper.invokeMethod(MethodInvocationHelper.java:133)
at org.testng.internal.TestInvoker.invokeMethod(TestInvoker.java:598)
at org.testng.internal.TestInvoker.invokeTestMethod(TestInvoker.java:173)
at org.testng.internal.MethodRunner.runInSequence(MethodRunner.java:46)
at org.testng.internal.TestInvoker$MethodInvocationAgent.invoke(TestInvoker.java:824)
at org.testng.internal.TestInvoker.invokeTestMethods(TestInvoker.java:146)
at org.testng.internal.TestMethodWorker.invokeTestMethods(TestMethodWorker.java:146)
at org.testng.internal.TestMethodWorker.run(TestMethodWorker.java:128)
at java.base/java.util.ArrayList.forEach(ArrayList.java:1511)
at org.testng.TestRunner.privateRun(TestRunner.java:794)
at org.testng.TestRunner.run(TestRunner.java:596)
at org.testng.SuiteRunner.runTest(SuiteRunner.java:377)
at org.testng.SuiteRunner.runSequentially(SuiteRunner.java:371)
at org.testng.SuiteRunner.privateRun(SuiteRunner.java:332)
at org.testng.SuiteRunner.run(SuiteRunner.java:276)
at org.testng.SuiteRunnerWorker.runSuite(SuiteRunnerWorker.java:53)
at org.testng.SuiteRunnerWorker.run(SuiteRunnerWorker.java:96)
at org.testng.TestNG.runSuitesSequentially(TestNG.java:1212)
at org.testng.TestNG.runSuitesLocally(TestNG.java:1134)
at org.testng.TestNG.runSuites(TestNG.java:1063)
at org.testng.TestNG.run(TestNG.java:1031)
at org.testng.remote.AbstractRemoteTestNG.run(AbstractRemoteTestNG.java:115)
at org.testng.remote.RemoteTestNG.initAndRun(RemoteTestNG.java:251)
at org.testng.remote.RemoteTestNG.main(RemoteTestNG.java:77)
]]>
            </full-stacktrace>
          </exception> <!-- java.lang.AssertionError -->
          <reporter-output>
            <line>
              <![CDATA[addClient-----> Testscript execution started]]>
            </line>
            <line>
              <![CDATA[--TestScript Execution failed--]]>
            </line>
          </reporter-output>
        </test-method> <!-- addClient -->
        <test-method is-config="true" signature="configAM()[pri:0, instance:com.insurance.lifeInsurance.testscript.Client_AddClient_Annotation_Test@1a6d8329]" started-at="2023-01-12T17:18:35 IST" name="configAM" finished-at="2023-01-12T17:18:35 IST" duration-ms="167" status="PASS">
          <reporter-output>
          </reporter-output>
        </test-method> <!-- configAM -->
        <test-method is-config="true" signature="configAC()[pri:0, instance:com.insurance.lifeInsurance.testscript.Client_AddClient_Annotation_Test@1a6d8329]" started-at="2023-01-12T17:18:35 IST" name="configAC" finished-at="2023-01-12T17:18:36 IST" duration-ms="470" status="PASS">
          <reporter-output>
          </reporter-output>
        </test-method> <!-- configAC -->
        <test-method is-config="true" signature="disconnectDB()[pri:0, instance:com.insurance.lifeInsurance.testscript.Client_AddClient_Annotation_Test@1a6d8329]" started-at="2023-01-12T17:18:37 IST" name="disconnectDB" finished-at="2023-01-12T17:18:37 IST" duration-ms="1" status="PASS">
          <reporter-output>
          </reporter-output>
        </test-method> <!-- disconnectDB -->
      </class> <!-- com.insurance.lifeInsurance.testscript.Client_AddClient_Annotation_Test -->
    </test> <!-- Default test -->
  </suite> <!-- Default suite -->
</testng-results>
